[INFO ] MAESTRO - ---- System Info ----
[INFO ] MAESTRO - Maestro Version: 1.36.0
[INFO ] MAESTRO - OS Name: Linux
[INFO ] MAESTRO - OS Version: 6.5.0-21-generic
[INFO ] MAESTRO - Architecture: amd64
[INFO ] MAESTRO - ---------------------
[INFO ] m.cli.runner.MaestroCommandRunner - Apply configuration RUNNING
[INFO ] m.cli.runner.MaestroCommandRunner - Apply configuration metadata CommandMetadata(numberOfRuns=null, evaluatedCommand=MaestroCommand(tapOnElement=null, tapOnPoint=null, tapOnPointV2Command=null, scrollCommand=null, swipeCommand=null, backPressCommand=null, assertCommand=null, assertConditionCommand=null, inputTextCommand=null, inputRandomTextCommand=null, launchAppCommand=null, applyConfigurationCommand=ApplyConfigurationCommand(config=MaestroConfig(appId=, name=null, tags=[], initFlow=null, ext={}, onFlowStart=null, onFlowComplete=null), label=null), openLinkCommand=null, pressKeyCommand=null, eraseTextCommand=null, hideKeyboardCommand=null, takeScreenshotCommand=null, stopAppCommand=null, clearStateCommand=null, clearKeychainCommand=null, runFlowCommand=null, setLocationCommand=null, repeatCommand=null, copyTextCommand=null, pasteTextCommand=null, defineVariablesCommand=null, runScriptCommand=null, waitForAnimationToEndCommand=null, evalScriptCommand=null, scrollUntilVisible=null, travelCommand=null, startRecordingCommand=null, stopRecordingCommand=null, addMediaCommand=null), logMessages=[], insight=Insight(message=, level=NONE))
[INFO ] m.cli.runner.MaestroCommandRunner - Apply configuration COMPLETED
[INFO ] m.cli.runner.MaestroCommandRunner - Wait for animation to end RUNNING
[INFO ] m.cli.runner.MaestroCommandRunner - Wait for animation to end metadata CommandMetadata(numberOfRuns=null, evaluatedCommand=MaestroCommand(tapOnElement=null, tapOnPoint=null, tapOnPointV2Command=null, scrollCommand=null, swipeCommand=null, backPressCommand=null, assertCommand=null, assertConditionCommand=null, inputTextCommand=null, inputRandomTextCommand=null, launchAppCommand=null, applyConfigurationCommand=null, openLinkCommand=null, pressKeyCommand=null, eraseTextCommand=null, hideKeyboardCommand=null, takeScreenshotCommand=null, stopAppCommand=null, clearStateCommand=null, clearKeychainCommand=null, runFlowCommand=null, setLocationCommand=null, repeatCommand=null, copyTextCommand=null, pasteTextCommand=null, defineVariablesCommand=null, runScriptCommand=null, waitForAnimationToEndCommand=WaitForAnimationToEndCommand(timeout=5000, label=null), evalScriptCommand=null, scrollUntilVisible=null, travelCommand=null, startRecordingCommand=null, stopRecordingCommand=null, addMediaCommand=null), logMessages=[], insight=Insight(message=, level=NONE))
[INFO ] maestro.Maestro - Waiting for animation to end with timeout 5000
[INFO ] maestro.utils.ScreenshotUtils - Taking screenshot to byte array
[INFO ] maestro.utils.ScreenshotUtils - Taking screenshot to output sink
[INFO ] maestro.utils.ScreenshotUtils - Taking screenshot to byte array
[INFO ] maestro.utils.ScreenshotUtils - Taking screenshot to output sink
[INFO ] m.cli.runner.MaestroCommandRunner - Wait for animation to end COMPLETED
[INFO ] m.cli.runner.MaestroCommandRunner - Tap on "Vou te Homologar" RUNNING
[INFO ] m.cli.runner.MaestroCommandRunner - Tap on "Vou te Homologar" metadata CommandMetadata(numberOfRuns=null, evaluatedCommand=MaestroCommand(tapOnElement=TapOnElementCommand(selector=ElementSelector(textRegex=Vou te Homologar, idRegex=null, size=null, below=null, above=null, leftOf=null, rightOf=null, containsChild=null, containsDescendants=null, optional=false, traits=null, index=null, enabled=null, selected=null, checked=null, focused=null, childOf=null), retryIfNoChange=true, waitUntilVisible=false, longPress=false, repeat=null, waitToSettleTimeoutMs=null, label=null), tapOnPoint=null, tapOnPointV2Command=null, scrollCommand=null, swipeCommand=null, backPressCommand=null, assertCommand=null, assertConditionCommand=null, inputTextCommand=null, inputRandomTextCommand=null, launchAppCommand=null, applyConfigurationCommand=null, openLinkCommand=null, pressKeyCommand=null, eraseTextCommand=null, hideKeyboardCommand=null, takeScreenshotCommand=null, stopAppCommand=null, clearStateCommand=null, clearKeychainCommand=null, runFlowCommand=null, setLocationCommand=null, repeatCommand=null, copyTextCommand=null, pasteTextCommand=null, defineVariablesCommand=null, runScriptCommand=null, waitForAnimationToEndCommand=null, evalScriptCommand=null, scrollUntilVisible=null, travelCommand=null, startRecordingCommand=null, stopRecordingCommand=null, addMediaCommand=null), logMessages=[], insight=Insight(message=, level=NONE))
[INFO ] maestro.Maestro - Getting device info
[INFO ] maestro.Maestro - Tapping on element:  UiElement(treeNode=TreeNode(attributes={text=Vou te Homologar, accessibilityText=Vou te Homologar has 1 notification, hintText=, ignoreBoundsFiltering=false, resource-id=, clickable=true, bounds=[461,390][620,672], enabled=true, focused=false, checked=false, scrollable=false, selected=false, class=android.widget.TextView}, children=[], clickable=true, enabled=true, focused=false, checked=false, selected=false), bounds=Bounds(x=461, y=390, width=159, height=282))
[INFO ] maestro.Maestro - Refreshed element
[INFO ] maestro.Maestro - Tapping at (540, 531) using hierarchy based logic for wait
[INFO ] maestro.utils.ScreenshotUtils - Taking screenshot to byte array
[INFO ] maestro.utils.ScreenshotUtils - Taking screenshot to output sink
[INFO ] maestro.Maestro - Something have changed in the UI judging by view hierarchy. Proceed.
[INFO ] m.cli.runner.MaestroCommandRunner - Tap on "Vou te Homologar" COMPLETED
[INFO ] m.cli.runner.MaestroCommandRunner - Tap on "Emil" RUNNING
[INFO ] m.cli.runner.MaestroCommandRunner - Tap on "Emil" metadata CommandMetadata(numberOfRuns=null, evaluatedCommand=MaestroCommand(tapOnElement=TapOnElementCommand(selector=ElementSelector(textRegex=Emil, idRegex=null, size=null, below=null, above=null, leftOf=null, rightOf=null, containsChild=null, containsDescendants=null, optional=false, traits=null, index=null, enabled=null, selected=null, checked=null, focused=null, childOf=null), retryIfNoChange=true, waitUntilVisible=false, longPress=false, repeat=null, waitToSettleTimeoutMs=null, label=null), tapOnPoint=null, tapOnPointV2Command=null, scrollCommand=null, swipeCommand=null, backPressCommand=null, assertCommand=null, assertConditionCommand=null, inputTextCommand=null, inputRandomTextCommand=null, launchAppCommand=null, applyConfigurationCommand=null, openLinkCommand=null, pressKeyCommand=null, eraseTextCommand=null, hideKeyboardCommand=null, takeScreenshotCommand=null, stopAppCommand=null, clearStateCommand=null, clearKeychainCommand=null, runFlowCommand=null, setLocationCommand=null, repeatCommand=null, copyTextCommand=null, pasteTextCommand=null, defineVariablesCommand=null, runScriptCommand=null, waitForAnimationToEndCommand=null, evalScriptCommand=null, scrollUntilVisible=null, travelCommand=null, startRecordingCommand=null, stopRecordingCommand=null, addMediaCommand=null), logMessages=[], insight=Insight(message=, level=NONE))
[INFO ] maestro.Maestro - Taking screenshot: /tmp/screenshot-170922658837313871182844917649193.png
[INFO ] maestro.utils.ScreenshotUtils - Taking screenshot to output sink
[INFO ] m.cli.runner.MaestroCommandRunner - Tap on "Emil" FAILED
